<?xml version="1.0" encoding="UTF-8"?>
<Site BuildName="(empty)"
	BuildStamp="20250304-1353-Experimental"
	Name="rod-0310"
	Generator="ctest-3.22.1"
	CompilerName="/usr/bin/g++"
	CompilerVersion="11.4.0"
	OSName="Linux"
	Hostname="rod-0310"
	OSRelease="6.8.0-52-generic"
	OSVersion="#53~22.04.1-Ubuntu SMP PREEMPT_DYNAMIC Wed Jan 15 19:18:46 UTC 2"
	OSPlatform="x86_64"
	Is64Bits="1"
	VendorString="GenuineIntel"
	VendorID="Intel Corporation"
	FamilyID="6"
	ModelID="154"
	ProcessorCacheSize="24576"
	NumberOfLogicalCPU="20"
	NumberOfPhysicalCPU="14"
	TotalVirtualMemory="3905"
	TotalPhysicalMemory="15693"
	LogicalProcessorsPerPhysical="1"
	ProcessorClockFrequency="508.524"
	>
	<Testing>
		<StartDateTime>Mar 04 16:49 -04</StartDateTime>
		<StartTestTime>1741121395</StartTestTime>
		<TestList/>
		<EndDateTime>Mar 04 16:49 -04</EndDateTime>
		<EndTestTime>1741121395</EndTestTime>
		<ElapsedMinutes>0</ElapsedMinutes>
	</Testing>
</Site>
